c:\users\cmacpherson1766\desktop\iad_a02\project1\x64\debug\vc141.pdb
c:\users\cmacpherson1766\desktop\iad_a02\project1\x64\debug\vc141.idb
c:\users\cmacpherson1766\desktop\iad_a02\project1\x64\debug\socket.obj
c:\users\cmacpherson1766\desktop\iad_a02\project1\x64\debug\reliableconnection.obj
c:\users\cmacpherson1766\desktop\iad_a02\project1\x64\debug\reliabilitysystem.obj
c:\users\cmacpherson1766\desktop\iad_a02\project1\x64\debug\packetqueue.obj
c:\users\cmacpherson1766\desktop\iad_a02\project1\x64\debug\netutilities.obj
c:\users\cmacpherson1766\desktop\iad_a02\project1\x64\debug\flowcontrol.obj
c:\users\cmacpherson1766\desktop\iad_a02\project1\x64\debug\fileio.obj
c:\users\cmacpherson1766\desktop\iad_a02\project1\x64\debug\example.obj
c:\users\cmacpherson1766\desktop\iad_a02\project1\x64\debug\datahash.obj
c:\users\cmacpherson1766\desktop\iad_a02\project1\x64\debug\connection.obj
c:\users\cmacpherson1766\desktop\iad_a02\project1\x64\debug\commandlineparser.obj
c:\users\cmacpherson1766\desktop\iad_a02\project1\x64\debug\address.obj
c:\users\cmacpherson1766\desktop\iad_a02\x64\debug\project1.exe
c:\users\cmacpherson1766\desktop\iad_a02\x64\debug\project1.ilk
c:\users\cmacpherson1766\desktop\iad_a02\x64\debug\project1.pdb
c:\users\cmacpherson1766\desktop\iad_a02\project1\x64\debug\project1.tlog\cl.command.1.tlog
c:\users\cmacpherson1766\desktop\iad_a02\project1\x64\debug\project1.tlog\cl.read.1.tlog
c:\users\cmacpherson1766\desktop\iad_a02\project1\x64\debug\project1.tlog\cl.write.1.tlog
c:\users\cmacpherson1766\desktop\iad_a02\project1\x64\debug\project1.tlog\link.command.1.tlog
c:\users\cmacpherson1766\desktop\iad_a02\project1\x64\debug\project1.tlog\link.read.1.tlog
c:\users\cmacpherson1766\desktop\iad_a02\project1\x64\debug\project1.tlog\link.write.1.tlog
